<?xml version="1.0" encoding="UTF-8"?>
<!-- Generated by org.testng.reporters.JUnitXMLReporter -->
<testsuite ignored="0" hostname="DESKTOP-71P69E4" failures="0" tests="5" name="Test" time="55.092" errors="0" timestamp="08 Nov 2022 06:07:04 GMT">
  <testcase classname="SeleniumTESTNGAutomationTestNg._4_dataProvider" name="LoginTest" time="16.91"/>
  <testcase classname="SeleniumTESTNGAutomationTestNg._4_dataProvider" name="LoginTest" time="7.556"/>
  <testcase classname="SeleniumTESTNGAutomationTestNg._4_dataProvider" name="LoginTest" time="7.469"/>
  <testcase classname="SeleniumTESTNGAutomationTestNg._4_dataProvider" name="LoginTest" time="7.444"/>
  <testcase classname="SeleniumTESTNGAutomationTestNg._1_TestNG1" name="bc1" time="4.489"/>
</testsuite> <!-- Test -->
